<?xml version="1.0" encoding="UTF-8"?>
<!-- Generated by org.testng.reporters.JUnitReportReporter -->
<testsuite skipped="0" hostname="Fatoss-MacBook-Air.local" name="com.qa.orangehrm.tests.HomePageTest" tests="8" failures="0" timestamp="2020-10-16T20:20:19 EDT" time="128.590" errors="0">
  <testcase name="verifyHomePageTitle" time="19.950" classname="com.qa.orangehrm.tests.HomePageTest"/>
  <system-out/>
  <testcase name="verifyHomePageTitle" time="14.176" classname="com.qa.orangehrm.tests.HomePageTest"/>
  <system-out/>
  <testcase name="verifyHomePageHeader" time="17.922" classname="com.qa.orangehrm.tests.HomePageTest"/>
  <system-out/>
  <testcase name="verifyHomePageHeader" time="20.620" classname="com.qa.orangehrm.tests.HomePageTest"/>
  <system-out/>
  <testcase name="verifyLoggedInUserAccount" time="16.098" classname="com.qa.orangehrm.tests.HomePageTest"/>
  <system-out/>
  <testcase name="verifyLoggedInUserAccount" time="16.201" classname="com.qa.orangehrm.tests.HomePageTest"/>
  <system-out/>
  <testcase name="verifyAuthentication" time="11.550" classname="com.qa.orangehrm.tests.HomePageTest"/>
  <system-out/>
  <testcase name="verifyAuthentication" time="12.073" classname="com.qa.orangehrm.tests.HomePageTest"/>
  <system-out/>
</testsuite> <!-- com.qa.orangehrm.tests.HomePageTest -->
