<?xml version="1.0" encoding="UTF-8"?>
<!-- Generated by org.testng.reporters.JUnitReportReporter -->
<testsuite skipped="2" hostname="Fatoss-MacBook-Air.local" name="com.qa.orangehrm.tests.LoginPageTest" tests="8" failures="0" timestamp="2020-10-16T20:20:19 EDT" time="110.405" errors="0">
  <testcase name="verifyLoginPageTitle" time="19.938" classname="com.qa.orangehrm.tests.LoginPageTest"/>
  <system-out/>
  <testcase name="verifyLoginPageTitle" time="13.690" classname="com.qa.orangehrm.tests.LoginPageTest"/>
  <system-out/>
  <testcase name="verifyForgetPassLink" time="20.004" classname="com.qa.orangehrm.tests.LoginPageTest"/>
  <system-out/>
  <testcase name="verifyForgetPassLink" time="16.132" classname="com.qa.orangehrm.tests.LoginPageTest"/>
  <system-out/>
  <testcase name="loginTest" time="22.355" classname="com.qa.orangehrm.tests.LoginPageTest"/>
  <system-out/>
  <testcase name="loginTest" time="18.286" classname="com.qa.orangehrm.tests.LoginPageTest"/>
  <system-out/>
  <testcase name="login_InvalidTestCase" classname="com.qa.orangehrm.tests.LoginPageTest">
    <skipped/>
  </testcase> <!-- login_InvalidTestCase -->
  <system-out/>
  <testcase name="login_InvalidTestCase" classname="com.qa.orangehrm.tests.LoginPageTest">
    <skipped/>
  </testcase> <!-- login_InvalidTestCase -->
  <system-out/>
</testsuite> <!-- com.qa.orangehrm.tests.LoginPageTest -->
