<?xml version="1.0" encoding="UTF-8"?>
<!-- Generated by org.testng.reporters.JUnitReportReporter -->
<testsuite skipped="1" hostname="BobITs-Mac-mini.fios-router.home" name="com.qa.orangehrm.tests.LoginPageTest" tests="2" failures="0" timestamp="13 Oct 2020 01:04:52 GMT" time="1.832" errors="0">
  <testcase name="verifyLoginPageTitle" time="1.832" classname="com.qa.orangehrm.tests.LoginPageTest"/>
  <testcase name="login_InvalidTestCase" classname="com.qa.orangehrm.tests.LoginPageTest">
    <skipped/>
  </testcase> <!-- login_InvalidTestCase -->
</testsuite> <!-- com.qa.orangehrm.tests.LoginPageTest -->
