<?xml version="1.0" encoding="UTF-8"?>
<!-- Generated by org.testng.reporters.JUnitReportReporter -->
<testsuite skipped="0" hostname="BobITs-Mac-mini.fios-router.home" name="com.qa.orangehrm.tests.HomePageTest" tests="1" failures="0" timestamp="13 Oct 2020 01:04:52 GMT" time="7.763" errors="0">
  <testcase name="verifyHomePageTitle" time="7.763" classname="com.qa.orangehrm.tests.HomePageTest"/>
</testsuite> <!-- com.qa.orangehrm.tests.HomePageTest -->
